[2025-03-24 11:13:19] local.ERROR: The process "'/usr/bin/php8.4' 'artisan' 'queue:work' '--once' '--name=default' '--queue=default' '--backoff=0' '--memory=128' '--sleep=3' '--tries=1'" exceeded the timeout of 60 seconds. {"exception":"[object] (Symfony\\Component\\Process\\Exception\\ProcessTimedOutException(code: 0): The process \"'/usr/bin/php8.4' 'artisan' 'queue:work' '--once' '--name=default' '--queue=default' '--backoff=0' '--memory=128' '--sleep=3' '--tries=1'\" exceeded the timeout of 60 seconds. at /mnt/c/Users/ACER/Desktop/DEECODE/Laravel/hms1/vendor/symfony/process/Process.php:1181)
[stacktrace]
#0 /mnt/c/Users/ACER/Desktop/DEECODE/Laravel/hms1/vendor/symfony/process/Process.php(450): Symfony\\Component\\Process\\Process->checkTimeout()
#1 /mnt/c/Users/ACER/Desktop/DEECODE/Laravel/hms1/vendor/symfony/process/Process.php(251): Symfony\\Component\\Process\\Process->wait()
#2 /mnt/c/Users/ACER/Desktop/DEECODE/Laravel/hms1/vendor/laravel/framework/src/Illuminate/Queue/Listener.php(181): Symfony\\Component\\Process\\Process->run()
#3 /mnt/c/Users/ACER/Desktop/DEECODE/Laravel/hms1/vendor/laravel/framework/src/Illuminate/Queue/Listener.php(92): Illuminate\\Queue\\Listener->runProcess()
#4 /mnt/c/Users/ACER/Desktop/DEECODE/Laravel/hms1/vendor/laravel/framework/src/Illuminate/Queue/Console/ListenCommand.php(75): Illuminate\\Queue\\Listener->listen()
#5 /mnt/c/Users/ACER/Desktop/DEECODE/Laravel/hms1/vendor/laravel/framework/src/Illuminate/Container/BoundMethod.php(36): Illuminate\\Queue\\Console\\ListenCommand->handle()
#6 /mnt/c/Users/ACER/Desktop/DEECODE/Laravel/hms1/vendor/laravel/framework/src/Illuminate/Container/Util.php(43): Illuminate\\Container\\BoundMethod::{closure:Illuminate\\Container\\BoundMethod::call():35}()
#7 /mnt/c/Users/ACER/Desktop/DEECODE/Laravel/hms1/vendor/laravel/framework/src/Illuminate/Container/BoundMethod.php(95): Illuminate\\Container\\Util::unwrapIfClosure()
#8 /mnt/c/Users/ACER/Desktop/DEECODE/Laravel/hms1/vendor/laravel/framework/src/Illuminate/Container/BoundMethod.php(35): Illuminate\\Container\\BoundMethod::callBoundMethod()
#9 /mnt/c/Users/ACER/Desktop/DEECODE/Laravel/hms1/vendor/laravel/framework/src/Illuminate/Container/Container.php(696): Illuminate\\Container\\BoundMethod::call()
#10 /mnt/c/Users/ACER/Desktop/DEECODE/Laravel/hms1/vendor/laravel/framework/src/Illuminate/Console/Command.php(213): Illuminate\\Container\\Container->call()
#11 /mnt/c/Users/ACER/Desktop/DEECODE/Laravel/hms1/vendor/symfony/console/Command/Command.php(279): Illuminate\\Console\\Command->execute()
#12 /mnt/c/Users/ACER/Desktop/DEECODE/Laravel/hms1/vendor/laravel/framework/src/Illuminate/Console/Command.php(182): Symfony\\Component\\Console\\Command\\Command->run()
#13 /mnt/c/Users/ACER/Desktop/DEECODE/Laravel/hms1/vendor/symfony/console/Application.php(1094): Illuminate\\Console\\Command->run()
#14 /mnt/c/Users/ACER/Desktop/DEECODE/Laravel/hms1/vendor/symfony/console/Application.php(342): Symfony\\Component\\Console\\Application->doRunCommand()
#15 /mnt/c/Users/ACER/Desktop/DEECODE/Laravel/hms1/vendor/symfony/console/Application.php(193): Symfony\\Component\\Console\\Application->doRun()
#16 /mnt/c/Users/ACER/Desktop/DEECODE/Laravel/hms1/vendor/laravel/framework/src/Illuminate/Foundation/Console/Kernel.php(198): Symfony\\Component\\Console\\Application->run()
#17 /mnt/c/Users/ACER/Desktop/DEECODE/Laravel/hms1/vendor/laravel/framework/src/Illuminate/Foundation/Application.php(1235): Illuminate\\Foundation\\Console\\Kernel->handle()
#18 /mnt/c/Users/ACER/Desktop/DEECODE/Laravel/hms1/artisan(13): Illuminate\\Foundation\\Application->handleCommand()
#19 {main}
"} 
